Release 14.7 - xst P.20131013 (nt64)
Copyright (c) 1995-2013 Xilinx, Inc.  All rights reserved.
--> Parameter TMPDIR set to xst/projnav.tmp


Total REAL time to Xst completion: 1.00 secs
Total CPU time to Xst completion: 0.22 secs
 
--> Parameter xsthdpdir set to xst


Total REAL time to Xst completion: 1.00 secs
Total CPU time to Xst completion: 0.22 secs
 
--> Reading design: AND_tb.prj

TABLE OF CONTENTS
  1) Synthesis Options Summary
  2) HDL Parsing
  3) HDL Elaboration
  4) HDL Synthesis
       4.1) HDL Synthesis Report
  5) Advanced HDL Synthesis
       5.1) Advanced HDL Synthesis Report
  6) Low Level Synthesis
  7) Partition Report
  8) Design Summary
       8.1) Primitive and Black Box Usage
       8.2) Device utilization summary
       8.3) Partition Resource Summary
       8.4) Timing Report
            8.4.1) Clock Information
            8.4.2) Asynchronous Control Signals Information
            8.4.3) Timing Summary
            8.4.4) Timing Details
            8.4.5) Cross Clock Domains Report


=========================================================================
*                      Synthesis Options Summary                        *
=========================================================================
---- Source Parameters
Input File Name                    : "AND_tb.prj"
Ignore Synthesis Constraint File   : NO

---- Target Parameters
Output File Name                   : "AND_tb"
Output Format                      : NGC
Target Device                      : xa6slx75-2Q-fgg484

---- Source Options
Top Module Name                    : AND_tb
Automatic FSM Extraction           : YES
FSM Encoding Algorithm             : Auto
Safe Implementation                : No
FSM Style                          : LUT
RAM Extraction                     : Yes
RAM Style                          : Auto
ROM Extraction                     : Yes
Shift Register Extraction          : YES
ROM Style                          : Auto
Resource Sharing                   : YES
Asynchronous To Synchronous        : NO
Shift Register Minimum Size        : 2
Use DSP Block                      : Auto
Automatic Register Balancing       : No

---- Target Options
LUT Combining                      : Auto
Reduce Control Sets                : Auto
Add IO Buffers                     : YES
Global Maximum Fanout              : 100000
Add Generic Clock Buffer(BUFG)     : 16
Register Duplication               : YES
Optimize Instantiated Primitives   : NO
Use Clock Enable                   : Auto
Use Synchronous Set                : Auto
Use Synchronous Reset              : Auto
Pack IO Registers into IOBs        : Auto
Equivalent register Removal        : YES

---- General Options
Optimization Goal                  : Speed
Optimization Effort                : 1
Power Reduction                    : NO
Keep Hierarchy                     : No
Netlist Hierarchy                  : As_Optimized
RTL Output                         : Yes
Global Optimization                : AllClockNets
Read Cores                         : YES
Write Timing Constraints           : NO
Cross Clock Analysis               : NO
Hierarchy Separator                : /
Bus Delimiter                      : <>
Case Specifier                     : Maintain
Slice Utilization Ratio            : 100
BRAM Utilization Ratio             : 100
DSP48 Utilization Ratio            : 100
Auto BRAM Packing                  : NO
Slice Utilization Ratio Delta      : 5

=========================================================================


=========================================================================
*                          HDL Parsing                                  *
=========================================================================
Analyzing Verilog file "C:\Users\USER\Desktop\BIUproject\TimeDiagrams\2d\AND_tb.v" into library work
Parsing verilog file "AND.v" included at line 2.
Parsing module <AND>.
Parsing module <AND_tb>.

=========================================================================
*                            HDL Elaboration                            *
=========================================================================

Elaborating module <AND_tb>.
WARNING:HDLCompiler:872 - "C:\Users\USER\Desktop\BIUproject\TimeDiagrams\2d\AND_tb.v" Line 34: Using initial value of AndEnable since it is never assigned
WARNING:HDLCompiler:1016 - "AND.v" Line 18: Port O6 is not connected to this instance
WARNING:HDLCompiler:1016 - "AND.v" Line 29: Port O6 is not connected to this instance
WARNING:HDLCompiler:1016 - "AND.v" Line 40: Port O6 is not connected to this instance
WARNING:HDLCompiler:1016 - "AND.v" Line 78: Port O6 is not connected to this instance
WARNING:HDLCompiler:1016 - "AND.v" Line 89: Port O6 is not connected to this instance

Elaborating module <AND(D=2)>.

Elaborating module <LUT6_2(INIT=64'b1000100010001000100010001000100010001000100010001000100010001000)>.

Elaborating module <LUT6_2(INIT=64'b1000011101111000011110000111100010000111011110000111100001111000)>.
WARNING:HDLCompiler:413 - "AND.v" Line 68: Result of 3-bit expression is truncated to fit in 2-bit target.

Elaborating module <LUT6_2(INIT=64'b0110011001100110011001100110011001100110011001100110011001100110)>.
WARNING:HDLCompiler:1127 - "C:\Users\USER\Desktop\BIUproject\TimeDiagrams\2d\AND_tb.v" Line 30: Assignment to AndDone ignored, since the identifier is never used

=========================================================================
*                           HDL Synthesis                               *
=========================================================================

Synthesizing Unit <AND_tb>.
    Related source file is "C:\Users\USER\Desktop\BIUproject\TimeDiagrams\2d\AND_tb.v".
INFO:Xst:3210 - "C:\Users\USER\Desktop\BIUproject\TimeDiagrams\2d\AND_tb.v" line 30: Output port <out> of the instance <my_gate> is unconnected or connected to loadless signal.
INFO:Xst:3210 - "C:\Users\USER\Desktop\BIUproject\TimeDiagrams\2d\AND_tb.v" line 30: Output port <AndDone> of the instance <my_gate> is unconnected or connected to loadless signal.
    Summary:
	no macro.
Unit <AND_tb> synthesized.

Synthesizing Unit <AND>.
    Related source file is "C:\Users\USER\Desktop\BIUproject\TimeDiagrams\2d/AND.v".
        D = 2
    Set property "DONT_TOUCH = true" for instance <And1>.
    Set property "LOCK_PINS = ALL" for instance <And1>.
    Set property "KEEP_HIERARCHY = TRUE" for instance <And1>.
    Set property "DONT_TOUCH = true" for instance <And2>.
    Set property "LOCK_PINS = ALL" for instance <And2>.
    Set property "KEEP_HIERARCHY = TRUE" for instance <And2>.
    Set property "DONT_TOUCH = true" for instance <And3>.
    Set property "LOCK_PINS = ALL" for instance <And3>.
    Set property "KEEP_HIERARCHY = TRUE" for instance <And3>.
    Set property "DONT_TOUCH = true" for instance <And5>.
    Set property "LOCK_PINS = ALL" for instance <And5>.
    Set property "KEEP_HIERARCHY = TRUE" for instance <And5>.
    Set property "DONT_TOUCH = true" for instance <And6>.
    Set property "LOCK_PINS = ALL" for instance <And6>.
    Set property "KEEP_HIERARCHY = TRUE" for instance <And6>.
    Found 4-bit register for signal <mid_reg>.
    Found 1-bit register for signal <AndDone>.
    WARNING:Xst:2404 -  FFs/Latches <out<1:0>> (without init value) have a constant value of 0 in block <AND>.
    Summary:
	inferred   5 D-type flip-flop(s).
Unit <AND> synthesized.

=========================================================================
HDL Synthesis Report

Macro Statistics
# Registers                                            : 2
 1-bit register                                        : 1
 4-bit register                                        : 1

=========================================================================

=========================================================================
*                       Advanced HDL Synthesis                          *
=========================================================================

WARNING:Xst:1710 - FF/Latch <mid_reg_3> (without init value) has a constant value of 1 in block <my_gate>. This FF/Latch will be trimmed during the optimization process.

=========================================================================
Advanced HDL Synthesis Report

Macro Statistics
# Registers                                            : 5
 Flip-Flops                                            : 5

=========================================================================

=========================================================================
*                         Low Level Synthesis                           *
=========================================================================
WARNING:Xst:1293 - FF/Latch <AndDone> has a constant value of 0 in block <AND>. This FF/Latch will be trimmed during the optimization process.
WARNING:Xst:1895 - Due to other FF/Latch trimming, FF/Latch <mid_reg_3> (without init value) has a constant value of 1 in block <AND>. This FF/Latch will be trimmed during the optimization process.
WARNING:Xst:2170 - Unit AND_tb : the following signal(s) form a combinatorial loop: clk.

Optimizing unit <AND> ...

Optimizing unit <AND_tb> ...
WARNING:Xst:2016 - Found a loop when searching source clock on port 'clk:O'
Last warning will be issued only once.

Mapping all equations...
Building and optimizing final netlist ...
Found area constraint ratio of 100 (+ 5) on block AND_tb, actual ratio is 0.

Final Macro Processing ...

=========================================================================
Final Register Report

Macro Statistics
# Registers                                            : 3
 Flip-Flops                                            : 3

=========================================================================

=========================================================================
*                           Partition Report                            *
=========================================================================

Partition Implementation Status
-------------------------------

  No Partitions were found in this design.

-------------------------------

=========================================================================
*                            Design Summary                             *
=========================================================================

Top Level Output File Name         : AND_tb.ngc

Primitive and Black Box Usage:
------------------------------
# BELS                             : 7
#      INV                         : 1
#      LUT6_2                      : 5
#      VCC                         : 1
# FlipFlops/Latches                : 3
#      FD                          : 3

Device utilization summary:
---------------------------

Selected Device : xa6slx75fgg484-2q 


Slice Logic Utilization: 
 Number of Slice Registers:               3  out of  93296     0%  
 Number of Slice LUTs:                    6  out of  46648     0%  
    Number used as Logic:                 6  out of  46648     0%  

Slice Logic Distribution: 
 Number of LUT Flip Flop pairs used:      9
   Number with an unused Flip Flop:       6  out of      9    66%  
   Number with an unused LUT:             3  out of      9    33%  
   Number of fully used LUT-FF pairs:     0  out of      9     0%  
   Number of unique control sets:         1

IO Utilization: 
 Number of IOs:                           0
 Number of bonded IOBs:                   0  out of    280     0%  

Specific Feature Utilization:

---------------------------
Partition Resource Summary:
---------------------------

  No Partitions were found in this design.

---------------------------


=========================================================================
Timing Report

NOTE: THESE TIMING NUMBERS ARE ONLY A SYNTHESIS ESTIMATE.
      FOR ACCURATE TIMING INFORMATION PLEASE REFER TO THE TRACE REPORT
      GENERATED AFTER PLACE-and-ROUTE.

Clock Information:
------------------
-----------------------------------+---------------------------+-------+
Clock Signal                       | Clock buffer(FF name)     | Load  |
-----------------------------------+---------------------------+-------+
clk(clk_INV_0:O)                   | NONE(*)(my_gate/mid_reg_2)| 3     |
-----------------------------------+---------------------------+-------+
(*) This 1 clock signal(s) are generated by combinatorial logic,
and XST is not able to identify which are the primary clock signals.
Please use the CLOCK_SIGNAL constraint to specify the clock signal(s) generated by combinatorial logic.
INFO:Xst:2169 - HDL ADVISOR - Some clock signals were not automatically buffered by XST with BUFG/BUFR resources. Please use the buffer_type constraint in order to insert these buffers to the clock signals to help prevent skew problems.

Asynchronous Control Signals Information:
----------------------------------------
No asynchronous control signals found in this design

Timing Summary:
---------------
Speed Grade: -2

   Minimum period: No path found
   Minimum input arrival time before clock: No path found
   Maximum output required time after clock: No path found
   Maximum combinational path delay: No path found

Timing Details:
---------------
All values displayed in nanoseconds (ns)

=========================================================================

Cross Clock Domains Report:
--------------------------

=========================================================================


Total REAL time to Xst completion: 7.00 secs
Total CPU time to Xst completion: 6.20 secs
 
--> 

Total memory usage is 4498628 kilobytes

Number of errors   :    0 (   0 filtered)
Number of warnings :   13 (   0 filtered)
Number of infos    :    3 (   0 filtered)

